C:\Program Files (x86)\MSBuild\Microsoft.Cpp\v4.0\V140\Microsoft.CppBuild.targets(392,5): warning MSB8028: The intermediate directory (Debug\) contains files shared from another project (039-Telnet-Client-Windows.vcxproj).  This can lead to incorrect clean and rebuild behavior.
  FTPClient.c
d:\dropbox\kurslar\sysprog2-2016\src\040-ftp-client-windows\ftpclient.c(50): warning C4996: 'inet_addr': Use inet_pton() or InetPton() instead or define _WINSOCK_DEPRECATED_NO_WARNINGS to disable deprecated API warnings
  c:\program files (x86)\windows kits\8.1\include\um\winsock2.h(1850): note: see declaration of 'inet_addr'
d:\dropbox\kurslar\sysprog2-2016\src\040-ftp-client-windows\ftpclient.c(52): warning C4996: 'gethostbyname': Use getaddrinfo() or GetAddrInfoW() instead or define _WINSOCK_DEPRECATED_NO_WARNINGS to disable deprecated API warnings
  c:\program files (x86)\windows kits\8.1\include\um\winsock2.h(2238): note: see declaration of 'gethostbyname'
d:\dropbox\kurslar\sysprog2-2016\src\040-ftp-client-windows\ftpclient.c(66): warning C4996: 'strcat': This function or variable may be unsafe. Consider using strcat_s instead. To disable deprecation, use _CRT_SECURE_NO_WARNINGS. See online help for details.
  c:\program files (x86)\windows kits\10\include\10.0.10240.0\ucrt\string.h(90): note: see declaration of 'strcat'
d:\dropbox\kurslar\sysprog2-2016\src\040-ftp-client-windows\ftpclient.c(83): warning C4101: 'i': unreferenced local variable
d:\dropbox\kurslar\sysprog2-2016\src\040-ftp-client-windows\ftpclient.c(113): warning C4996: 'strcpy': This function or variable may be unsafe. Consider using strcpy_s instead. To disable deprecation, use _CRT_SECURE_NO_WARNINGS. See online help for details.
  c:\program files (x86)\windows kits\10\include\10.0.10240.0\ucrt\string.h(119): note: see declaration of 'strcpy'
d:\dropbox\kurslar\sysprog2-2016\src\040-ftp-client-windows\ftpclient.c(116): warning C4996: 'strtok': This function or variable may be unsafe. Consider using strtok_s instead. To disable deprecation, use _CRT_SECURE_NO_WARNINGS. See online help for details.
  c:\program files (x86)\windows kits\10\include\10.0.10240.0\ucrt\string.h(453): note: see declaration of 'strtok'
d:\dropbox\kurslar\sysprog2-2016\src\040-ftp-client-windows\ftpclient.c(139): warning C4996: 'strtok': This function or variable may be unsafe. Consider using strtok_s instead. To disable deprecation, use _CRT_SECURE_NO_WARNINGS. See online help for details.
  c:\program files (x86)\windows kits\10\include\10.0.10240.0\ucrt\string.h(453): note: see declaration of 'strtok'
d:\dropbox\kurslar\sysprog2-2016\src\040-ftp-client-windows\ftpclient.c(149): warning C4996: 'inet_addr': Use inet_pton() or InetPton() instead or define _WINSOCK_DEPRECATED_NO_WARNINGS to disable deprecated API warnings
  c:\program files (x86)\windows kits\8.1\include\um\winsock2.h(1850): note: see declaration of 'inet_addr'
d:\dropbox\kurslar\sysprog2-2016\src\040-ftp-client-windows\ftpclient.c(151): warning C4996: 'gethostbyname': Use getaddrinfo() or GetAddrInfoW() instead or define _WINSOCK_DEPRECATED_NO_WARNINGS to disable deprecated API warnings
  c:\program files (x86)\windows kits\8.1\include\um\winsock2.h(2238): note: see declaration of 'gethostbyname'
d:\dropbox\kurslar\sysprog2-2016\src\040-ftp-client-windows\ftpclient.c(190): warning C4996: 'fopen': This function or variable may be unsafe. Consider using fopen_s instead. To disable deprecation, use _CRT_SECURE_NO_WARNINGS. See online help for details.
  c:\program files (x86)\windows kits\10\include\10.0.10240.0\ucrt\stdio.h(205): note: see declaration of 'fopen'
  039-Telnet-Client-Windows.vcxproj -> D:\Dropbox\Kurslar\SysProg2-2016\Src\040-FTP-Client-Windows\Debug\040-FTP-Client-Windows.exe
